<?xml version="1.0" encoding="UTF-8"?>
<!-- Generated by org.testng.reporters.JUnitReportReporter -->
<testsuite hostname="AKSHAY" failures="0" tests="2" name="testNGPractice.GoogleTest" time="22.532" errors="0" timestamp="2022-06-01T05:17:58 GMT-12:00" skipped="0">
  <testcase classname="testNGPractice.GoogleTest" name="googleLogoTest" time="12.128"/>
  <system-out/>
  <testcase classname="testNGPractice.GoogleTest" name="googleTitletest" time="10.404"/>
  <system-out/>
</testsuite> <!-- testNGPractice.GoogleTest -->
