<?xml version="1.0" encoding="UTF-8"?>
<!-- Generated by org.testng.reporters.JUnitReportReporter -->
<testsuite hostname="AKSHAY" failures="0" tests="2" name="testNGPractice.Assertions" time="17.969" errors="0" timestamp="2022-06-01T05:17:58 GMT-12:00" skipped="0">
  <testcase classname="testNGPractice.Assertions" name="googleLogoTest" time="8.453"/>
  <system-out/>
  <testcase classname="testNGPractice.Assertions" name="googleTitletest" time="9.516"/>
  <system-out/>
</testsuite> <!-- testNGPractice.Assertions -->
