<?xml version="1.0" encoding="UTF-8"?>
<!-- Generated by org.testng.reporters.JUnitReportReporter -->
<testsuite hostname="AKSHAY" failures="0" tests="1" name="amazonApplication.HomePage" time="67.064" errors="0" timestamp="2022-06-05T02:35:18 GMT-12:00" skipped="0">
  <testcase classname="amazonApplication.HomePage" name="dashboard" time="67.064"/>
  <system-out/>
</testsuite> <!-- amazonApplication.HomePage -->
