<?xml version="1.0" encoding="UTF-8"?>
<!-- Generated by org.testng.reporters.JUnitReportReporter -->
<testsuite hostname="DESKTOP-5HU0LC5" failures="0" tests="3" name="medifox_Page_Tests.Login_Page_Test" time="30.010" errors="0" timestamp="2024-06-11T14:23:42 IST" skipped="0">
  <testcase classname="medifox_Page_Tests.Login_Page_Test" name="verifyLoginPage" time="10.648"/>
  <testcase classname="medifox_Page_Tests.Login_Page_Test" name="invalidUserName" time="5.914"/>
  <testcase classname="medifox_Page_Tests.Login_Page_Test" name="invalidPassword" time="13.448"/>
</testsuite> <!-- medifox_Page_Tests.Login_Page_Test -->
