<?xml version="1.0" encoding="UTF-8"?>
<!-- Generated by org.testng.reporters.JUnitReportReporter -->
<testsuite hostname="DESKTOP-5HU0LC5" failures="0" tests="4" name="medifox_Page_Tests.Login_Page_Test" time="33.840" errors="0" timestamp="2024-06-12T11:01:13 IST" skipped="0">
  <testcase classname="medifox_Page_Tests.Login_Page_Test" name="verifyLoginPage" time="8.635"/>
  <testcase classname="medifox_Page_Tests.Login_Page_Test" name="invalidUserName" time="7.780"/>
  <testcase classname="medifox_Page_Tests.Login_Page_Test" name="invalidPassword" time="6.387"/>
  <testcase classname="medifox_Page_Tests.Login_Page_Test" name="inPatientRegistrationPage" time="11.038"/>
</testsuite> <!-- medifox_Page_Tests.Login_Page_Test -->
