<?xml version="1.0" encoding="UTF-8"?>
<!-- Generated by org.testng.reporters.JUnitReportReporter -->
<testsuite hostname="DESKTOP-5HU0LC5" failures="0" tests="1" name="webCommonFunctions.TestCode" time="25.654" errors="0" timestamp="2024-06-02T12:33:13 IST" skipped="0">
  <testcase classname="webCommonFunctions.TestCode" name="testRadioBtn" time="25.654"/>
</testsuite> <!-- webCommonFunctions.TestCode -->
