<?xml version="1.0" encoding="UTF-8"?>
<!-- Generated by org.testng.reporters.JUnitReportReporter -->
<testsuite hostname="AKSHAY" failures="0" tests="3" name="testNGPractice.LoginWithTestData" time="78.924" errors="0" timestamp="2022-06-03T00:23:26 GMT-12:00" skipped="0">
  <testcase classname="testNGPractice.LoginWithTestData" name="LoginPage" time="54.062"/>
  <system-out/>
  <testcase classname="testNGPractice.LoginWithTestData" name="LoginPage" time="14.071"/>
  <system-out/>
  <testcase classname="testNGPractice.LoginWithTestData" name="LoginPage" time="10.791"/>
  <system-out/>
</testsuite> <!-- testNGPractice.LoginWithTestData -->
