<?xml version="1.0" encoding="UTF-8"?>
<!-- Generated by org.testng.reporters.JUnitReportReporter -->
<testsuite hostname="AKSHAY" failures="0" tests="1" name="testNGPractice.DataProviderExcel" time="4.302" errors="0" timestamp="2022-06-02T22:23:07 GMT-12:00" skipped="0">
  <testcase classname="testNGPractice.DataProviderExcel" name="getData" time="4.302"/>
  <system-out/>
</testsuite> <!-- testNGPractice.DataProviderExcel -->
