<?xml version="1.0" encoding="UTF-8"?>
<!-- Generated by org.testng.reporters.JUnitReportReporter -->
<testsuite hostname="DESKTOP-5HU0LC5" failures="0" tests="2" name="reporterPkg.BasicReporter" time="0.015" errors="0" timestamp="2024-05-26T20:37:46 IST" skipped="0">
  <testcase classname="reporterPkg.BasicReporter" name="loginTest" time="0.004"/>
  <testcase classname="reporterPkg.BasicReporter" name="inboxTest" time="0.011"/>
</testsuite> <!-- reporterPkg.BasicReporter -->
