<?xml version="1.0" encoding="UTF-8"?>
<!-- Generated by org.testng.reporters.JUnitReportReporter -->
<testsuite hostname="AKSHAY" failures="0" tests="1" name="testNGPractice.ExpectedExceptionsHandling" time="0.003" errors="0" timestamp="2022-06-01T05:17:58 GMT-12:00" skipped="0">
  <testcase classname="testNGPractice.ExpectedExceptionsHandling" name="test" time="0.003"/>
  <system-out/>
</testsuite> <!-- testNGPractice.ExpectedExceptionsHandling -->
