<?xml version="1.0" encoding="UTF-8"?>
<!-- Generated by org.testng.reporters.JUnitReportReporter -->
<testsuite hostname="AKSHAY" failures="0" tests="2" name="orangHrm.LoginPageTest" time="13.436" errors="0" timestamp="2022-06-07T04:40:39 GMT-12:00" skipped="0">
  <testcase classname="orangHrm.LoginPageTest" name="loginPage" time="13.402"/>
  <system-out/>
  <testcase classname="orangHrm.LoginPageTest" name="titleTest" time="0.034"/>
  <system-out/>
</testsuite> <!-- orangHrm.LoginPageTest -->
